{
  "stats": {
    "suites": 3,
    "tests": 5,
    "passes": 2,
    "pending": 3,
    "failures": 0,
    "start": "2019-10-21T13:46:53.879Z",
    "end": "2019-10-21T13:46:53.879Z",
    "duration": 474,
    "testsRegistered": 5,
    "passPercent": 40,
    "pendingPercent": 60,
    "other": 0,
    "hasOther": false,
    "skipped": 0,
    "hasSkipped": false
  },
  "results": [
    {
      "uuid": "4d2e5f4c-4a33-43a1-b862-1bb42502945f",
      "title": "",
      "fullFile": "",
      "file": "",
      "beforeHooks": [],
      "afterHooks": [],
      "tests": [],
      "suites": [
        {
          "uuid": "1d354785-0adb-494e-acd2-0ccd626f0c81",
          "title": "Search For a Domain",
          "fullFile": "",
          "file": "",
          "beforeHooks": [],
          "afterHooks": [],
          "tests": [
            {
              "title": "Navigates to Network Solutions site",
              "fullTitle": "Search For a Domain Navigates to Network Solutions site",
              "timedOut": null,
              "duration": 0,
              "state": "pending",
              "speed": null,
              "pass": false,
              "fail": false,
              "pending": true,
              "context": null,
              "code": "",
              "err": {},
              "uuid": "5e027739-39f9-43e7-b823-080a2a7d8d46",
              "parentUUID": "1d354785-0adb-494e-acd2-0ccd626f0c81",
              "isHook": false,
              "skipped": false
            },
            {
              "title": "Creates a New User",
              "fullTitle": "Search For a Domain Creates a New User",
              "timedOut": null,
              "duration": 0,
              "state": "pending",
              "speed": null,
              "pass": false,
              "fail": false,
              "pending": true,
              "context": null,
              "code": "",
              "err": {},
              "uuid": "36ca2967-f8e9-4dc4-8991-2aac670db8cd",
              "parentUUID": "1d354785-0adb-494e-acd2-0ccd626f0c81",
              "isHook": false,
              "skipped": false
            },
            {
              "title": "Set Up New user",
              "fullTitle": "Search For a Domain Set Up New user",
              "timedOut": null,
              "duration": 0,
              "state": "pending",
              "speed": null,
              "pass": false,
              "fail": false,
              "pending": true,
              "context": null,
              "code": "",
              "err": {},
              "uuid": "a8ac435e-8706-46e2-89c5-f89cf25ed1f3",
              "parentUUID": "1d354785-0adb-494e-acd2-0ccd626f0c81",
              "isHook": false,
              "skipped": false
            }
          ],
          "suites": [],
          "passes": [],
          "failures": [],
          "pending": [
            "5e027739-39f9-43e7-b823-080a2a7d8d46",
            "36ca2967-f8e9-4dc4-8991-2aac670db8cd",
            "a8ac435e-8706-46e2-89c5-f89cf25ed1f3"
          ],
          "skipped": [],
          "duration": 0,
          "root": false,
          "rootEmpty": false,
          "_timeout": 2000
        }
      ],
      "passes": [],
      "failures": [],
      "pending": [],
      "skipped": [],
      "duration": 0,
      "root": true,
      "rootEmpty": true,
      "_timeout": 2000
    },
    {
      "uuid": "5c2b3a8d-5c4b-4131-be7e-d0bd9f6e26fc",
      "title": "",
      "fullFile": "",
      "file": "",
      "beforeHooks": [],
      "afterHooks": [],
      "tests": [
        {
          "title": "test",
          "fullTitle": " test",
          "timedOut": null,
          "duration": 426,
          "state": "passed",
          "speed": "slow",
          "pass": true,
          "fail": false,
          "pending": false,
          "context": null,
          "code": "var counter = 0;\ncy.document().then(function (doc) {\n  doc.body.innerHTML = \"\\n           <button id=\\\"elementId_0\\\">Hello</button>\\n           <button id=\\\"elementId_1\\\">Hello</button>\\n           <button id=\\\"elementId_2\\\">Hello</button>\\n           <button id=\\\"elementId_3\\\">Hello</button>\\n           <button id=\\\"elementId_4\\\">Hello</button>\\n        \";\n  Cypress.$('button').on('click', function () {\n    return counter++;\n  });\n});\nfor (var i = 0; i < 5; i++) {\n  cy.get('#elementId_' + i).click();\n}\ncy.then(function () {\n  expect(counter).to.eq(5);\n});",
          "err": {},
          "uuid": "2f2d9e26-2b81-4c9e-9c72-9e463e632dd3",
          "parentUUID": "5c2b3a8d-5c4b-4131-be7e-d0bd9f6e26fc",
          "isHook": false,
          "skipped": false
        }
      ],
      "suites": [],
      "passes": [
        "2f2d9e26-2b81-4c9e-9c72-9e463e632dd3"
      ],
      "failures": [],
      "pending": [],
      "skipped": [],
      "duration": 426,
      "root": true,
      "rootEmpty": false,
      "_timeout": 2000
    },
    {
      "uuid": "d4e0dc33-e49c-48bb-be83-6c0783084ab4",
      "title": "",
      "fullFile": "",
      "file": "",
      "beforeHooks": [],
      "afterHooks": [],
      "tests": [
        {
          "title": "basic verification",
          "fullTitle": " basic verification",
          "timedOut": null,
          "duration": 48,
          "state": "passed",
          "speed": "medium",
          "pass": true,
          "fail": false,
          "pending": false,
          "context": null,
          "code": "var result = userData.find(function (_ref) {\n  var name = _ref.name;\n  return name === 'Leanne Graham';\n});\ncy.log(result.phone);",
          "err": {},
          "uuid": "d0565465-c121-4c7e-94d6-7d258093a6b1",
          "parentUUID": "d4e0dc33-e49c-48bb-be83-6c0783084ab4",
          "isHook": false,
          "skipped": false
        }
      ],
      "suites": [],
      "passes": [
        "d0565465-c121-4c7e-94d6-7d258093a6b1"
      ],
      "failures": [],
      "pending": [],
      "skipped": [],
      "duration": 48,
      "root": true,
      "rootEmpty": false,
      "_timeout": 2000
    }
  ],
  "meta": {
    "mocha": {
      "version": "3.5.3"
    },
    "mochawesome": {
      "options": {
        "quiet": false,
        "reportFilename": "mochawesome",
        "saveHtml": false,
        "saveJson": true,
        "consoleReporter": "spec",
        "useInlineDiffs": false
      },
      "version": "4.1.0"
    },
    "marge": {
      "options": {
        "id": "default",
        "reportDir": "report/mochawesome-report",
        "quite": true,
        "overwrite": false,
        "html": false,
        "json": true,
        "timestamp": "mmddyyyy_HHMMss",
        "includeScreenshots": true,
        "screenshotUseRelativePath": true
      },
      "version": "4.0.1"
    }
  }
}