{
  "stats": {
    "suites": 1,
    "tests": 3,
    "passes": 0,
    "pending": 3,
    "failures": 0,
    "start": "2019-10-21T12:39:24.654Z",
    "end": "2019-10-21T12:39:24.679Z",
    "duration": 25,
    "testsRegistered": 3,
    "passPercent": null,
    "pendingPercent": 100,
    "other": 0,
    "hasOther": false,
    "skipped": 0,
    "hasSkipped": false
  },
  "results": [
    {
      "uuid": "9b213b03-18b2-43ee-8a9e-0aece483bd4f",
      "title": "",
      "fullFile": "",
      "file": "",
      "beforeHooks": [],
      "afterHooks": [],
      "tests": [],
      "suites": [
        {
          "uuid": "f53531ea-3b50-4d10-9f52-9abb56849127",
          "title": "Search For a Domain",
          "fullFile": "",
          "file": "",
          "beforeHooks": [],
          "afterHooks": [],
          "tests": [
            {
              "title": "Navigates to Network Solutions site",
              "fullTitle": "Search For a Domain Navigates to Network Solutions site",
              "timedOut": null,
              "duration": 0,
              "state": "pending",
              "speed": null,
              "pass": false,
              "fail": false,
              "pending": true,
              "context": null,
              "code": "",
              "err": {},
              "uuid": "d93c215d-586b-4736-9b8b-353bf7740111",
              "parentUUID": "f53531ea-3b50-4d10-9f52-9abb56849127",
              "isHook": false,
              "skipped": false
            },
            {
              "title": "Creates a New User",
              "fullTitle": "Search For a Domain Creates a New User",
              "timedOut": null,
              "duration": 0,
              "state": "pending",
              "speed": null,
              "pass": false,
              "fail": false,
              "pending": true,
              "context": null,
              "code": "",
              "err": {},
              "uuid": "a5b76526-d9fa-4210-b92d-ee839da3d2a3",
              "parentUUID": "f53531ea-3b50-4d10-9f52-9abb56849127",
              "isHook": false,
              "skipped": false
            },
            {
              "title": "Set Up New user",
              "fullTitle": "Search For a Domain Set Up New user",
              "timedOut": null,
              "duration": 0,
              "state": "pending",
              "speed": null,
              "pass": false,
              "fail": false,
              "pending": true,
              "context": null,
              "code": "",
              "err": {},
              "uuid": "e87f9783-aebd-493e-a430-006177ec847c",
              "parentUUID": "f53531ea-3b50-4d10-9f52-9abb56849127",
              "isHook": false,
              "skipped": false
            }
          ],
          "suites": [],
          "passes": [],
          "failures": [],
          "pending": [
            "d93c215d-586b-4736-9b8b-353bf7740111",
            "a5b76526-d9fa-4210-b92d-ee839da3d2a3",
            "e87f9783-aebd-493e-a430-006177ec847c"
          ],
          "skipped": [],
          "duration": 0,
          "root": false,
          "rootEmpty": false,
          "_timeout": 2000
        }
      ],
      "passes": [],
      "failures": [],
      "pending": [],
      "skipped": [],
      "duration": 0,
      "root": true,
      "rootEmpty": true,
      "_timeout": 2000
    }
  ],
  "meta": {
    "mocha": {
      "version": "3.5.3"
    },
    "mochawesome": {
      "options": {
        "quiet": false,
        "reportFilename": "mochawesome",
        "saveHtml": false,
        "saveJson": true,
        "consoleReporter": "spec",
        "useInlineDiffs": false
      },
      "version": "4.1.0"
    },
    "marge": {
      "options": {
        "id": "default",
        "reportDir": "report/mochawesome-report",
        "quite": true,
        "overwrite": false,
        "html": false,
        "json": true,
        "timestamp": "mmddyyyy_HHMMss"
      },
      "version": "4.0.1"
    }
  }
}