{
  "stats": {
    "suites": 0,
    "tests": 1,
    "passes": 1,
    "pending": 0,
    "failures": 0,
    "start": "2019-10-21T14:19:35.531Z",
    "end": "2019-10-21T14:19:35.597Z",
    "duration": 66,
    "testsRegistered": 1,
    "passPercent": 100,
    "pendingPercent": 0,
    "other": 0,
    "hasOther": false,
    "skipped": 0,
    "hasSkipped": false
  },
  "results": [
    {
      "uuid": "30adda1a-ebb9-4515-a624-fa68f24a0bd1",
      "title": "",
      "fullFile": "",
      "file": "",
      "beforeHooks": [],
      "afterHooks": [],
      "tests": [
        {
          "title": "basic verification",
          "fullTitle": " basic verification",
          "timedOut": null,
          "duration": 53,
          "state": "passed",
          "speed": "medium",
          "pass": true,
          "fail": false,
          "pending": false,
          "context": null,
          "code": "var result = userData.find(function (_ref) {\n  var name = _ref.name;\n  return name === 'Leanne Graham';\n});\ncy.log(result.phone);",
          "err": {},
          "uuid": "8b925538-460c-4076-aaa6-020fa42aa3e9",
          "parentUUID": "30adda1a-ebb9-4515-a624-fa68f24a0bd1",
          "isHook": false,
          "skipped": false
        }
      ],
      "suites": [],
      "passes": [
        "8b925538-460c-4076-aaa6-020fa42aa3e9"
      ],
      "failures": [],
      "pending": [],
      "skipped": [],
      "duration": 53,
      "root": true,
      "rootEmpty": false,
      "_timeout": 2000
    }
  ],
  "meta": {
    "mocha": {
      "version": "3.5.3"
    },
    "mochawesome": {
      "options": {
        "quiet": false,
        "reportFilename": "mochawesome",
        "saveHtml": false,
        "saveJson": true,
        "consoleReporter": "spec",
        "useInlineDiffs": false
      },
      "version": "4.1.0"
    },
    "marge": {
      "options": {
        "id": "default",
        "reportDir": "report/mochawesome-report",
        "quite": true,
        "overwrite": false,
        "html": false,
        "json": true,
        "timestamp": "mmddyyyy_HHMMss",
        "includeScreenshots": true,
        "screenshotUseRelativePath": true
      },
      "version": "4.0.1"
    }
  }
}