{
  "stats": {
    "suites": 1,
    "tests": 3,
    "passes": 0,
    "pending": 3,
    "failures": 0,
    "start": "2019-10-21T13:46:48.342Z",
    "end": "2019-10-21T13:46:48.382Z",
    "duration": 40,
    "testsRegistered": 3,
    "passPercent": null,
    "pendingPercent": 100,
    "other": 0,
    "hasOther": false,
    "skipped": 0,
    "hasSkipped": false
  },
  "results": [
    {
      "uuid": "4d2e5f4c-4a33-43a1-b862-1bb42502945f",
      "title": "",
      "fullFile": "",
      "file": "",
      "beforeHooks": [],
      "afterHooks": [],
      "tests": [],
      "suites": [
        {
          "uuid": "1d354785-0adb-494e-acd2-0ccd626f0c81",
          "title": "Search For a Domain",
          "fullFile": "",
          "file": "",
          "beforeHooks": [],
          "afterHooks": [],
          "tests": [
            {
              "title": "Navigates to Network Solutions site",
              "fullTitle": "Search For a Domain Navigates to Network Solutions site",
              "timedOut": null,
              "duration": 0,
              "state": "pending",
              "speed": null,
              "pass": false,
              "fail": false,
              "pending": true,
              "context": null,
              "code": "",
              "err": {},
              "uuid": "5e027739-39f9-43e7-b823-080a2a7d8d46",
              "parentUUID": "1d354785-0adb-494e-acd2-0ccd626f0c81",
              "isHook": false,
              "skipped": false
            },
            {
              "title": "Creates a New User",
              "fullTitle": "Search For a Domain Creates a New User",
              "timedOut": null,
              "duration": 0,
              "state": "pending",
              "speed": null,
              "pass": false,
              "fail": false,
              "pending": true,
              "context": null,
              "code": "",
              "err": {},
              "uuid": "36ca2967-f8e9-4dc4-8991-2aac670db8cd",
              "parentUUID": "1d354785-0adb-494e-acd2-0ccd626f0c81",
              "isHook": false,
              "skipped": false
            },
            {
              "title": "Set Up New user",
              "fullTitle": "Search For a Domain Set Up New user",
              "timedOut": null,
              "duration": 0,
              "state": "pending",
              "speed": null,
              "pass": false,
              "fail": false,
              "pending": true,
              "context": null,
              "code": "",
              "err": {},
              "uuid": "a8ac435e-8706-46e2-89c5-f89cf25ed1f3",
              "parentUUID": "1d354785-0adb-494e-acd2-0ccd626f0c81",
              "isHook": false,
              "skipped": false
            }
          ],
          "suites": [],
          "passes": [],
          "failures": [],
          "pending": [
            "5e027739-39f9-43e7-b823-080a2a7d8d46",
            "36ca2967-f8e9-4dc4-8991-2aac670db8cd",
            "a8ac435e-8706-46e2-89c5-f89cf25ed1f3"
          ],
          "skipped": [],
          "duration": 0,
          "root": false,
          "rootEmpty": false,
          "_timeout": 2000
        }
      ],
      "passes": [],
      "failures": [],
      "pending": [],
      "skipped": [],
      "duration": 0,
      "root": true,
      "rootEmpty": true,
      "_timeout": 2000
    }
  ],
  "meta": {
    "mocha": {
      "version": "3.5.3"
    },
    "mochawesome": {
      "options": {
        "quiet": false,
        "reportFilename": "mochawesome",
        "saveHtml": false,
        "saveJson": true,
        "consoleReporter": "spec",
        "useInlineDiffs": false
      },
      "version": "4.1.0"
    },
    "marge": {
      "options": {
        "id": "default",
        "reportDir": "report/mochawesome-report",
        "quite": true,
        "overwrite": false,
        "html": false,
        "json": true,
        "timestamp": "mmddyyyy_HHMMss",
        "includeScreenshots": true,
        "screenshotUseRelativePath": true
      },
      "version": "4.0.1"
    }
  }
}