{
  "stats": {
    "suites": 1,
    "tests": 3,
    "passes": 0,
    "pending": 3,
    "failures": 0,
    "start": "2019-10-21T13:05:31.357Z",
    "end": "2019-10-21T13:05:31.394Z",
    "duration": 37,
    "testsRegistered": 3,
    "passPercent": null,
    "pendingPercent": 100,
    "other": 0,
    "hasOther": false,
    "skipped": 0,
    "hasSkipped": false
  },
  "results": [
    {
      "uuid": "07b03aa4-0276-44fc-9e1c-7a89f80c48da",
      "title": "",
      "fullFile": "",
      "file": "",
      "beforeHooks": [],
      "afterHooks": [],
      "tests": [],
      "suites": [
        {
          "uuid": "d2da817d-8208-40ad-8d54-0a1bec32bba8",
          "title": "Search For a Domain",
          "fullFile": "",
          "file": "",
          "beforeHooks": [],
          "afterHooks": [],
          "tests": [
            {
              "title": "Navigates to Network Solutions site",
              "fullTitle": "Search For a Domain Navigates to Network Solutions site",
              "timedOut": null,
              "duration": 0,
              "state": "pending",
              "speed": null,
              "pass": false,
              "fail": false,
              "pending": true,
              "context": null,
              "code": "",
              "err": {},
              "uuid": "fed971d6-e6e5-43cc-bbd3-e90afe3075a9",
              "parentUUID": "d2da817d-8208-40ad-8d54-0a1bec32bba8",
              "isHook": false,
              "skipped": false
            },
            {
              "title": "Creates a New User",
              "fullTitle": "Search For a Domain Creates a New User",
              "timedOut": null,
              "duration": 0,
              "state": "pending",
              "speed": null,
              "pass": false,
              "fail": false,
              "pending": true,
              "context": null,
              "code": "",
              "err": {},
              "uuid": "014ed7d6-a60a-4202-814f-bdb41b53eb4a",
              "parentUUID": "d2da817d-8208-40ad-8d54-0a1bec32bba8",
              "isHook": false,
              "skipped": false
            },
            {
              "title": "Set Up New user",
              "fullTitle": "Search For a Domain Set Up New user",
              "timedOut": null,
              "duration": 0,
              "state": "pending",
              "speed": null,
              "pass": false,
              "fail": false,
              "pending": true,
              "context": null,
              "code": "",
              "err": {},
              "uuid": "c95a39b8-7704-4cc3-a96d-01dae2c40d3a",
              "parentUUID": "d2da817d-8208-40ad-8d54-0a1bec32bba8",
              "isHook": false,
              "skipped": false
            }
          ],
          "suites": [],
          "passes": [],
          "failures": [],
          "pending": [
            "fed971d6-e6e5-43cc-bbd3-e90afe3075a9",
            "014ed7d6-a60a-4202-814f-bdb41b53eb4a",
            "c95a39b8-7704-4cc3-a96d-01dae2c40d3a"
          ],
          "skipped": [],
          "duration": 0,
          "root": false,
          "rootEmpty": false,
          "_timeout": 2000
        }
      ],
      "passes": [],
      "failures": [],
      "pending": [],
      "skipped": [],
      "duration": 0,
      "root": true,
      "rootEmpty": true,
      "_timeout": 2000
    }
  ],
  "meta": {
    "mocha": {
      "version": "3.5.3"
    },
    "mochawesome": {
      "options": {
        "quiet": false,
        "reportFilename": "mochawesome",
        "saveHtml": false,
        "saveJson": true,
        "consoleReporter": "spec",
        "useInlineDiffs": false
      },
      "version": "4.1.0"
    },
    "marge": {
      "options": {
        "id": "default",
        "reportDir": "report/mochawesome-report",
        "quite": true,
        "overwrite": false,
        "html": false,
        "json": true,
        "timestamp": "mmddyyyy_HHMMss",
        "includeScreenshots": true,
        "screenshotUseRelativePath": true
      },
      "version": "4.0.1"
    }
  }
}