{
  "stats": {
    "suites": 1,
    "tests": 3,
    "passes": 0,
    "pending": 3,
    "failures": 0,
    "start": "2019-10-21T12:59:09.128Z",
    "end": "2019-10-21T12:59:09.163Z",
    "duration": 35,
    "testsRegistered": 3,
    "passPercent": null,
    "pendingPercent": 100,
    "other": 0,
    "hasOther": false,
    "skipped": 0,
    "hasSkipped": false
  },
  "results": [
    {
      "uuid": "8734e356-b84b-4591-9338-76a5e8f998fb",
      "title": "",
      "fullFile": "",
      "file": "",
      "beforeHooks": [],
      "afterHooks": [],
      "tests": [],
      "suites": [
        {
          "uuid": "219850d6-d3f3-4e4f-a569-99eaffbe6ec9",
          "title": "Search For a Domain",
          "fullFile": "",
          "file": "",
          "beforeHooks": [],
          "afterHooks": [],
          "tests": [
            {
              "title": "Navigates to Network Solutions site",
              "fullTitle": "Search For a Domain Navigates to Network Solutions site",
              "timedOut": null,
              "duration": 0,
              "state": "pending",
              "speed": null,
              "pass": false,
              "fail": false,
              "pending": true,
              "context": null,
              "code": "",
              "err": {},
              "uuid": "8c8a97f1-5582-4524-ae65-c4d7bfcb9f02",
              "parentUUID": "219850d6-d3f3-4e4f-a569-99eaffbe6ec9",
              "isHook": false,
              "skipped": false
            },
            {
              "title": "Creates a New User",
              "fullTitle": "Search For a Domain Creates a New User",
              "timedOut": null,
              "duration": 0,
              "state": "pending",
              "speed": null,
              "pass": false,
              "fail": false,
              "pending": true,
              "context": null,
              "code": "",
              "err": {},
              "uuid": "37684081-30de-4752-bc2e-6eaea978cc9b",
              "parentUUID": "219850d6-d3f3-4e4f-a569-99eaffbe6ec9",
              "isHook": false,
              "skipped": false
            },
            {
              "title": "Set Up New user",
              "fullTitle": "Search For a Domain Set Up New user",
              "timedOut": null,
              "duration": 0,
              "state": "pending",
              "speed": null,
              "pass": false,
              "fail": false,
              "pending": true,
              "context": null,
              "code": "",
              "err": {},
              "uuid": "4e1d495f-6e4a-4fc4-984d-860b0fee7c0f",
              "parentUUID": "219850d6-d3f3-4e4f-a569-99eaffbe6ec9",
              "isHook": false,
              "skipped": false
            }
          ],
          "suites": [],
          "passes": [],
          "failures": [],
          "pending": [
            "8c8a97f1-5582-4524-ae65-c4d7bfcb9f02",
            "37684081-30de-4752-bc2e-6eaea978cc9b",
            "4e1d495f-6e4a-4fc4-984d-860b0fee7c0f"
          ],
          "skipped": [],
          "duration": 0,
          "root": false,
          "rootEmpty": false,
          "_timeout": 2000
        }
      ],
      "passes": [],
      "failures": [],
      "pending": [],
      "skipped": [],
      "duration": 0,
      "root": true,
      "rootEmpty": true,
      "_timeout": 2000
    }
  ],
  "meta": {
    "mocha": {
      "version": "3.5.3"
    },
    "mochawesome": {
      "options": {
        "quiet": false,
        "reportFilename": "mochawesome",
        "saveHtml": false,
        "saveJson": true,
        "consoleReporter": "spec",
        "useInlineDiffs": false
      },
      "version": "4.1.0"
    },
    "marge": {
      "options": {
        "id": "default",
        "reportDir": "report/mochawesome-report",
        "quite": true,
        "overwrite": false,
        "html": false,
        "json": true,
        "timestamp": "mmddyyyy_HHMMss",
        "includeScreenshots": true,
        "screenshotUseRelativePath": true
      },
      "version": "4.0.1"
    }
  }
}