{
  "stats": {
    "suites": 1,
    "tests": 3,
    "passes": 0,
    "pending": 3,
    "failures": 0,
    "start": "2019-10-21T14:19:32.290Z",
    "end": "2019-10-21T14:19:32.337Z",
    "duration": 47,
    "testsRegistered": 3,
    "passPercent": null,
    "pendingPercent": 100,
    "other": 0,
    "hasOther": false,
    "skipped": 0,
    "hasSkipped": false
  },
  "results": [
    {
      "uuid": "eb6837c9-6e3d-4ef4-a8a1-4ced26e62bae",
      "title": "",
      "fullFile": "",
      "file": "",
      "beforeHooks": [],
      "afterHooks": [],
      "tests": [],
      "suites": [
        {
          "uuid": "db74585a-b7cd-4dfb-a8dc-c5a5a56c1fae",
          "title": "Search For a Domain",
          "fullFile": "",
          "file": "",
          "beforeHooks": [],
          "afterHooks": [],
          "tests": [
            {
              "title": "Navigates to Network Solutions site",
              "fullTitle": "Search For a Domain Navigates to Network Solutions site",
              "timedOut": null,
              "duration": 0,
              "state": "pending",
              "speed": null,
              "pass": false,
              "fail": false,
              "pending": true,
              "context": null,
              "code": "",
              "err": {},
              "uuid": "903aa292-dcca-4f17-ab06-946be629d62d",
              "parentUUID": "db74585a-b7cd-4dfb-a8dc-c5a5a56c1fae",
              "isHook": false,
              "skipped": false
            },
            {
              "title": "Creates a New User",
              "fullTitle": "Search For a Domain Creates a New User",
              "timedOut": null,
              "duration": 0,
              "state": "pending",
              "speed": null,
              "pass": false,
              "fail": false,
              "pending": true,
              "context": null,
              "code": "",
              "err": {},
              "uuid": "f1dd884b-a797-40b2-8c56-62b3289c2f75",
              "parentUUID": "db74585a-b7cd-4dfb-a8dc-c5a5a56c1fae",
              "isHook": false,
              "skipped": false
            },
            {
              "title": "Set Up New user",
              "fullTitle": "Search For a Domain Set Up New user",
              "timedOut": null,
              "duration": 0,
              "state": "pending",
              "speed": null,
              "pass": false,
              "fail": false,
              "pending": true,
              "context": null,
              "code": "",
              "err": {},
              "uuid": "d2423790-497f-4df6-8aa4-666db70b9d1d",
              "parentUUID": "db74585a-b7cd-4dfb-a8dc-c5a5a56c1fae",
              "isHook": false,
              "skipped": false
            }
          ],
          "suites": [],
          "passes": [],
          "failures": [],
          "pending": [
            "903aa292-dcca-4f17-ab06-946be629d62d",
            "f1dd884b-a797-40b2-8c56-62b3289c2f75",
            "d2423790-497f-4df6-8aa4-666db70b9d1d"
          ],
          "skipped": [],
          "duration": 0,
          "root": false,
          "rootEmpty": false,
          "_timeout": 2000
        }
      ],
      "passes": [],
      "failures": [],
      "pending": [],
      "skipped": [],
      "duration": 0,
      "root": true,
      "rootEmpty": true,
      "_timeout": 2000
    }
  ],
  "meta": {
    "mocha": {
      "version": "3.5.3"
    },
    "mochawesome": {
      "options": {
        "quiet": false,
        "reportFilename": "mochawesome",
        "saveHtml": false,
        "saveJson": true,
        "consoleReporter": "spec",
        "useInlineDiffs": false
      },
      "version": "4.1.0"
    },
    "marge": {
      "options": {
        "id": "default",
        "reportDir": "report/mochawesome-report",
        "quite": true,
        "overwrite": false,
        "html": false,
        "json": true,
        "timestamp": "mmddyyyy_HHMMss",
        "includeScreenshots": true,
        "screenshotUseRelativePath": true
      },
      "version": "4.0.1"
    }
  }
}