{
  "stats": {
    "suites": 0,
    "tests": 1,
    "passes": 1,
    "pending": 0,
    "failures": 0,
    "start": "2019-10-21T13:05:32.708Z",
    "end": "2019-10-21T13:05:33.141Z",
    "duration": 433,
    "testsRegistered": 1,
    "passPercent": 100,
    "pendingPercent": 0,
    "other": 0,
    "hasOther": false,
    "skipped": 0,
    "hasSkipped": false
  },
  "results": [
    {
      "uuid": "71fe2ff1-6fdc-4f92-95be-39b3f1032655",
      "title": "",
      "fullFile": "",
      "file": "",
      "beforeHooks": [],
      "afterHooks": [],
      "tests": [
        {
          "title": "test",
          "fullTitle": " test",
          "timedOut": null,
          "duration": 385,
          "state": "passed",
          "speed": "slow",
          "pass": true,
          "fail": false,
          "pending": false,
          "context": null,
          "code": "var counter = 0;\ncy.document().then(function (doc) {\n  doc.body.innerHTML = \"\\n           <button id=\\\"elementId_0\\\">Hello</button>\\n           <button id=\\\"elementId_1\\\">Hello</button>\\n           <button id=\\\"elementId_2\\\">Hello</button>\\n           <button id=\\\"elementId_3\\\">Hello</button>\\n           <button id=\\\"elementId_4\\\">Hello</button>\\n        \";\n  Cypress.$('button').on('click', function () {\n    return counter++;\n  });\n});\nfor (var i = 0; i < 5; i++) {\n  cy.get('#elementId_' + i).click();\n}\ncy.then(function () {\n  expect(counter).to.eq(5);\n});",
          "err": {},
          "uuid": "4bb86dde-f603-43c0-9b7f-92839229199d",
          "parentUUID": "71fe2ff1-6fdc-4f92-95be-39b3f1032655",
          "isHook": false,
          "skipped": false
        }
      ],
      "suites": [],
      "passes": [
        "4bb86dde-f603-43c0-9b7f-92839229199d"
      ],
      "failures": [],
      "pending": [],
      "skipped": [],
      "duration": 385,
      "root": true,
      "rootEmpty": false,
      "_timeout": 2000
    }
  ],
  "meta": {
    "mocha": {
      "version": "3.5.3"
    },
    "mochawesome": {
      "options": {
        "quiet": false,
        "reportFilename": "mochawesome",
        "saveHtml": false,
        "saveJson": true,
        "consoleReporter": "spec",
        "useInlineDiffs": false
      },
      "version": "4.1.0"
    },
    "marge": {
      "options": {
        "id": "default",
        "reportDir": "report/mochawesome-report",
        "quite": true,
        "overwrite": false,
        "html": false,
        "json": true,
        "timestamp": "mmddyyyy_HHMMss",
        "includeScreenshots": true,
        "screenshotUseRelativePath": true
      },
      "version": "4.0.1"
    }
  }
}